BAGL -142.091507 60.489601 AK
BAL -142.346207 61.035999 AK
BARK -142.493103 60.403 AK
BARN -141.662201 61.059502 AK
BERG -143.700394 60.3932 AK
BGLC -143.284103 60.120499 AK
BMR -144.605103 60.967701 AK
CRQ -143.092606 60.7523 AK
CTG -141.340103 60.964901 AK
CYK -142.487198 60.082298 AK
GLB -143.812302 61.4417 AK
GOAT -144.729202 60.580502 AK
GRIN -143.320999 60.280499 AK
GRNC -141.755798 60.731499 AK
HMT -144.262299 60.335098 AK
ISLE -142.340607 60.602402 AK
KAI -144.418793 59.9268 AK
KHIT -143.251007 60.442699 AK
KIAG -142.360504 60.9231 AK
LOGN -141.004807 60.824001 AK
MCAR -143.024002 61.383598 AK
MESA -141.9505 60.178501 AK
NICH -143.969193 60.236099 AK
PIN -140.252502 60.095901 AK
PTPK -142.467194 61.187099 AK
RAG -144.677307 60.386299 AK
RKAV -141.347794 60.2994 AK
SAMH -140.782806 60.129398 AK
SSP -142.838806 60.1791 AK
SUCK -143.779007 60.071999 AK
TABL -141.144302 60.439899 AK
TGL -142.829193 60.754101 AK
VRDI -143.454498 61.227501 AK
WAX -142.852905 60.448002 AK
YAH -141.751007 60.358299 AK
O28M -140.190598 60.771801 TA
