AK.FIB AK.FIRE 3.30996273213
AK.CAPN AK.NKA 5.48149267219
AV.SPCG AV.SPU 12.4133602708
AK.GHO AT.PMR 22.6847119136
AK.FIB AK.RC01 25.1291857176
AV.SPCG AV.STLK 25.1473431006
AK.FIRE AK.RC01 26.4232676377
AK.SLK TA.O22K 27.6328294092
AK.GHO AK.SAW 31.6161605961
AV.SPU AV.STLK 37.2754514771
AK.KNK AT.PMR 40.9874779698
AK.KNK AK.SAW 44.4094238053
AK.FIB AK.SSN 45.0836480095
AK.FIRE AK.SSN 45.6854960391
AK.SSN TA.M22K 46.315995866
AK.GHO AK.KNK 46.9775739746
AK.SAW AT.PMR 48.5928487882
AT.PMR TA.M22K 55.3956158247
AK.SKN AV.STLK 56.0320436828
AK.SSN AV.STLK 58.1146772587
AK.CAPN AK.SLK 58.4076631576
AK.NKA AK.SLK 61.2931758829
AK.KNK AK.PWL 62.1773248913
AK.GHO TA.M22K 63.1079435975
AK.RC01 AT.PMR 64.8483041993
AK.FIB TA.M22K 65.5395804274
AK.CAPN AK.FIRE 65.7244096785
AK.NKA AV.SPU 65.9372751531
AK.CAPN AV.SPU 67.1197592148
AK.RC01 TA.O22K 67.6958686445
AK.FIRE TA.M22K 68.2240444043
AK.RC01 AK.SSN 68.2983309776
AK.CAPN AK.FIB 68.9679544161
AK.RC01 AK.SLK 69.5059488579
AK.FIRE AK.SLK 70.2997479822
AK.SSN AV.SPCG 70.8744538507
AK.SKN AK.SSN 70.9539624839
AK.FIRE AK.NKA 71.1541101816
AK.FIB AK.SLK 72.9039138963
AK.FIB AT.PMR 73.4235280742
AK.NKA AV.SPCG 74.3895886752
AK.FIB AK.NKA 74.3901203096
AK.CAPN AV.SPCG 74.8482828246
AK.FIRE AT.PMR 76.6861452047
AK.RC01 TA.M22K 76.7669053385
AK.SSN AV.SPU 76.8932246384
AK.KNK AK.RC01 77.6508637408
AK.FIRE TA.O22K 78.3953763076
AK.SKN TA.M22K 78.4524614486
AK.FIB TA.O22K 80.1289343734
AK.PWL AK.RC01 80.3311483888
AK.CAPN AK.SSN 80.527411212
AK.SKN AV.SPCG 81.0449796573
AK.CAPN TA.O22K 84.5474889239
AK.NKA AK.SSN 84.6334834621
AK.CAPN AK.RC01 84.6348087009
AK.PWL TA.O22K 86.8574180731
AK.SSN AT.PMR 87.1615600622
AK.GHO AK.RC01 87.5234138577
AK.NKA TA.O22K 87.9417288849
AK.CAPN AV.STLK 89.2262327197
AK.NKA AK.RC01 90.0879959394
AK.NKA AV.STLK 90.1160404458
AK.PWL AT.PMR 92.3100910457
AK.SKN AV.SPU 93.2913089799
AK.SAW TA.M22K 94.5981478945
AK.FIB AK.GHO 94.8780494358
AV.STLK TA.M22K 95.262052665
AK.FIRE AV.STLK 95.3134074942
AK.KNK TA.M22K 96.0579104688
AK.FIB AV.STLK 96.165958819
AK.FIB AK.KNK 96.1983745932
AK.FIRE AK.GHO 98.1765239497
AK.FIRE AV.SPCG 98.473175911
AK.FIRE AK.KNK 98.9811533861
AK.FIRE AV.SPU 99.1511397717
AK.FIB AV.SPCG 100.107942984
AK.FIB AV.SPU 101.130084449
AK.GHO AK.SSN 102.486429105
AK.FIB AK.PWL 105.448143419
AK.PWL AK.SAW 105.706919545
AK.GHO AK.PWL 106.533824542
AK.FIRE AK.PWL 106.686591678
AK.RC01 AK.SAW 109.722371308
AK.SLK AK.SSN 109.789464584
AK.PWL AK.SLK 110.242449849
AV.SPCG TA.M22K 113.558071055
AK.FIB AK.SKN 115.810625668
AK.FIRE AK.SKN 116.594919202
AK.RC01 AV.STLK 121.253558799
AV.SPU TA.M22K 121.304320096
AK.FIB AK.SAW 121.569087405
AK.KNK AK.SSN 122.222485976
AK.SSN TA.O22K 122.654577287
AK.CAPN TA.M22K 122.952187513
AK.KNK TA.O22K 124.425502206
AK.SLK AV.SPU 124.493788274
AK.FIRE AK.SAW 124.784548085
AK.RC01 AV.SPCG 124.878137488
AK.RC01 AV.SPU 125.282249692
AK.NKA TA.M22K 127.631413994
AT.PMR TA.O22K 127.860566466
AK.SLK AV.SPCG 130.710115856
AK.SAW AK.SSN 133.64392826
AK.SKN AT.PMR 133.843382938
AK.SLK AT.PMR 134.076752672
AK.CAPN AK.SKN 136.528263436
AK.RC01 AK.SKN 137.668867806
AK.PWL TA.M22K 138.233008429
AK.SLK TA.M22K 138.441177291
AK.KNK AK.SLK 138.649057121
AK.NKA AK.SKN 138.783508441
AK.GHO AK.SKN 139.045553412
AK.SLK AV.STLK 140.3009772
AK.CAPN AT.PMR 142.382297109
TA.M22K TA.O22K 143.308282711
AT.PMR AV.STLK 144.168230772
AK.PWL AK.SSN 146.364583616
AK.NKA AT.PMR 147.792343993
AV.SPU TA.O22K 148.902285348
AK.GHO TA.O22K 149.997677624
AK.CAPN AK.PWL 153.820779276
AV.SPCG TA.O22K 154.013154196
AK.GHO AK.SLK 156.751058569
AK.GHO AV.STLK 157.19673931
AT.PMR AV.SPCG 157.888116209
AK.NKA AK.PWL 158.74016181
AV.STLK TA.O22K 160.886879501
AK.CAPN AK.KNK 162.189973948
AT.PMR AV.SPU 162.935689294
AK.CAPN AK.GHO 163.59982057
AK.SAW TA.O22K 165.655616576
AK.KNK AK.NKA 167.657725926
AK.GHO AK.NKA 168.956541408
AK.SAW AK.SKN 169.347942878
AK.GHO AV.SPCG 173.190428135
AK.KNK AK.SKN 174.448224574
AK.SAW AK.SLK 176.627788461
AK.SKN AK.SLK 178.05493667
AK.GHO AV.SPU 179.308307293
AK.KNK AV.STLK 180.295084344
AK.SAW AV.STLK 188.791403625
AK.CAPN AK.SAW 190.488617271
AK.KNK AV.SPCG 191.17464148
AK.SKN TA.O22K 193.151852347
AK.KNK AV.SPU 194.562564487
AK.NKA AK.SAW 195.929822767
AK.PWL AV.STLK 201.402174338
AK.SAW AV.SPCG 204.472828087
AK.PWL AV.SPU 204.48432553
AK.PWL AV.SPCG 204.882379765
AK.SAW AV.SPU 210.279056423
AK.PWL AK.SKN 211.581544885
