2005 02 05
2005 02 6
2005 03 02
2005 03 28
2005 03 29
2005 03 3
2005 06 13
2005 06 14
2005 06 15
2005 06 16
2005 07 24
2005 07 25
2005 08 16
2005 08 17
2005 09 09
2005 09 10
2005 09 26
2005 09 27
2005 10 08
2005 10 9
2006 01 02
2006 01 27
2006 01 28
2006 01 3
2006 02 15
2006 02 16
2006 02 22
2006 02 23
2006 02 26
2006 02 27
2006 03 03
2006 03 4
2006 04 20
2006 04 21
2006 05 03
2006 05 16
2006 05 17
2006 05 4
2006 06 01
2006 06 05
2006 06 2
2006 06 6
2006 07 17
2006 07 18
2006 08 20
2006 08 21
2006 11 15
2006 11 16
2006 12 26
2006 12 27
2007 01 13
2007 01 14
2007 01 21
2007 01 22
2007 03 25
2007 03 26
2007 04 01
2007 04 2
2007 05 21
2007 05 22
2007 08 01
2007 08 08
2007 08 15
2007 08 16
2007 08 2
2007 08 9
2007 09 02
2007 09 12
2007 09 13
2007 09 14
2007 09 28
2007 09 29
2007 09 3
2007 09 30
2007 10 01
2007 10 31
2007 11 01
2007 11 14
2007 11 15
2007 11 29
2007 11 30
2007 12 09
2007 12 10
2007 12 19
2007 12 20
2008 02 20
2008 02 21
2008 02 25
2008 02 26
2008 03 20
2008 03 21
2008 04 09
2008 04 10
2008 04 12
2008 04 13
2008 05 12
2008 05 13
2008 07 05
2008 07 6
2008 11 16
2008 11 17
2008 11 24
2008 11 25
2009 01 03
2009 01 15
2009 01 16
2009 01 4
2009 02 11
2009 02 12
2009 03 19
2009 03 20
2009 05 28
2009 05 29
2009 07 15
2009 07 16
2009 08 09
2009 08 10
2009 08 11
2009 09 02
2009 09 29
2009 09 3
2009 09 30
2009 10 07
2009 10 1
2009 10 8
2009 11 09
2009 11 10
2010 01 03
2010 01 12
2010 01 13
2010 01 4
2010 02 26
2010 02 27
2010 02 28
2010 03 11
2010 03 12
2010 04 04
2010 04 06
2010 04 5
2010 04 7
2010 05 09
2010 05 10
2010 05 27
2010 05 28
2010 06 12
2010 06 13
2010 06 16
2010 06 17
2010 07 18
2010 07 19
2010 07 23
2010 07 24
2010 08 10
2010 08 11
2010 08 12
2010 08 13
2010 09 03
2010 09 29
2010 09 30
2010 09 4
2010 10 25
2010 10 26
2010 12 21
2010 12 22
2010 12 25
2010 12 26
2011 01 01
2011 01 02
2011 01 18
2011 01 19
2011 01 2
2011 01 3
2011 03 09
2011 03 10
2011 03 11
2011 03 12
2011 04 07
2011 04 8
2011 06 24
2011 06 25
2011 07 06
2011 07 10
2011 07 11
2011 07 7
2011 08 20
2011 08 21
2011 08 24
2011 08 25
2011 09 03
2011 09 15
2011 09 16
2011 09 4
2011 10 21
2011 10 22
2011 10 23
2011 10 24
2011 10 28
2011 10 29
2011 12 14
2011 12 15
2012 01 10
2012 01 11
2012 02 02
2012 02 3
2012 03 14
2012 03 15
2012 03 20
2012 03 21
2012 03 25
2012 03 26
2012 04 11
2012 04 12
2012 04 13
2012 08 14
2012 08 15
2012 08 27
2012 08 28
2012 08 31
2012 09 05
2012 09 1
2012 09 30
2012 09 6
2012 10 1
2012 10 28
2012 10 29
2012 11 07
2012 11 8
2012 12 07
2012 12 10
2012 12 11
2012 12 8
2013 01 05
2013 01 6
2013 02 06
2013 02 08
2013 02 7
2013 02 9
2013 04 06
2013 04 16
2013 04 17
2013 04 19
2013 04 20
2013 04 7
2013 05 23
2013 05 24
2013 05 25
2013 07 07
2013 07 15
2013 07 16
2013 07 8
2013 08 30
2013 08 31
2013 09 24
2013 09 25
2013 09 26
2013 10 15
2013 10 16
2013 10 25
2013 10 26
2013 11 17
2013 11 18
2013 11 25
2013 11 26
2014 04 01
2014 04 03
2014 04 11
2014 04 12
2014 04 13
2014 04 14
2014 04 18
2014 04 19
2014 04 2
2014 04 20
2014 04 4
2014 06 23
2014 06 24
2014 10 09
2014 10 10
2014 10 14
2014 10 15
2014 11 01
2014 11 15
2014 11 16
2014 11 2
2015 02 13
2015 02 14
2015 02 27
2015 02 28
2015 03 29
2015 03 30
2015 04 25
2015 04 26
2015 05 05
2015 05 07
2015 05 12
2015 05 13
2015 05 6
2015 05 8
